<?xml version="1.0" encoding="UTF-8"?>
<!-- Generated by org.testng.reporters.JUnitXMLReporter -->
<testsuite ignored="0" hostname="DESKTOP-D7BQHA7" failures="1" tests="8" name="Test" time="64.823" errors="0" timestamp="2023-01-12T00:47:12 EST">
  <testcase classname="assignmentWeek18.Tests.TestSomething" name="testSomething" time="0.02">
    <skipped/>
  </testcase> <!-- testSomething -->
  <testcase classname="assignmentWeek18.Tests.TestSomething" name="testSomething" time="0.004">
    <skipped/>
  </testcase> <!-- testSomething -->
  <testcase classname="assignmentWeek18.Tests.TestSomething" name="testSomething" time="0.002">
    <skipped/>
  </testcase> <!-- testSomething -->
  <testcase classname="assignmentWeek18.Tests.TestSomething" name="testSomething" time="0.005">
    <failure type="java.lang.AssertionError" message="expected [true] but found [false]">
      <![CDATA[java.lang.AssertionError: expected [true] but found [false]
at assignmentWeek18.Tests.TestSomething.testSomething(TestSomething.java:37)
at java.base/java.util.ArrayList.forEach(ArrayList.java:1511)
... Removed 31 stack frames]]>
    </failure>
  </testcase> <!-- testSomething -->
  <testcase classname="assignmentWeek18.Tests.TestSomething" name="verifyUserIsAbleToAccountLogin" time="0.0">
    <skipped/>
  </testcase> <!-- verifyUserIsAbleToAccountLogin -->
  <testcase classname="assignmentWeek17.Tests.MyAccountTest" name="verifySubscription" time="1.429"/>
  <testcase classname="assignmentWeek17.Tests.MyAccountTest" name="verifyUserIsAbleToChangePhoneNum" time="2.848"/>
  <testcase classname="assignmentWeek17.Tests.MyAccountTest" name="verifyUserIsAbleToLogout" time="2.564"/>
</testsuite> <!-- Test -->
