<?xml version="1.0" encoding="UTF-8"?>
<testng-results ignored="1" total="6" passed="0" failed="5" skipped="0">
  <reporter-output>
  </reporter-output>
  <suite started-at="2023-01-12T18:09:50 EST" name="Default suite" finished-at="2023-01-12T18:10:38 EST" duration-ms="47877">
    <groups>
    </groups>
    <test started-at="2023-01-12T18:09:50 EST" name="Default test" finished-at="2023-01-12T18:10:38 EST" duration-ms="47877">
      <class name="assignmentWeek18.Tests.AssignmentWeek19Test">
        <test-method is-config="true" signature="setUp()[pri:0, instance:assignmentWeek18.Tests.AssignmentWeek19Test@1cbb87f3]" started-at="2023-01-12T18:09:51 EST" name="setUp" finished-at="2023-01-12T18:09:59 EST" duration-ms="7792" status="PASS">
          <reporter-output>
          </reporter-output>
        </test-method> <!-- setUp -->
        <test-method signature="validateInformationIsPrefilled(java.lang.String, java.lang.String, java.lang.String, java.lang.String, java.lang.String, java.lang.String)[pri:2, instance:assignmentWeek18.Tests.AssignmentWeek19Test@1cbb87f3]" started-at="2023-01-12T18:09:59 EST" name="validateInformationIsPrefilled" data-provider="EditInformationDataprovider" finished-at="2023-01-12T18:10:02 EST" duration-ms="3303" status="FAIL">
          <params>
            <param index="0">
              <value>
                <![CDATA[iron.man@gmail.com]]>
              </value>
            </param>
            <param index="1">
              <value>
                <![CDATA[Password2]]>
              </value>
            </param>
            <param index="2">
              <value>
                <![CDATA[Swaroop]]>
              </value>
            </param>
            <param index="3">
              <value>
                <![CDATA[Krishanan]]>
              </value>
            </param>
            <param index="4">
              <value>
                <![CDATA[iron.man@gmail.com]]>
              </value>
            </param>
            <param index="5">
              <value>
                <![CDATA[1111222233]]>
              </value>
            </param>
          </params>
          <exception class="java.lang.AssertionError">
            <message>
              <![CDATA[The following asserts failed:
First name is not filled yet expected [Swaroop] but found [null],
Last name is not filled yet expected [Krishanan] but found [null],
Email is not filled yet expected [iron.man@gmail.com] but found [null],
Phone Num is not filled yet expected [1111222233] but found [null]]]>
            </message>
            <full-stacktrace>
              <![CDATA[java.lang.AssertionError: The following asserts failed:
First name is not filled yet expected [Swaroop] but found [null],
Last name is not filled yet expected [Krishanan] but found [null],
Email is not filled yet expected [iron.man@gmail.com] but found [null],
Phone Num is not filled yet expected [1111222233] but found [null]
at org.testng.asserts.SoftAssert.assertAll(SoftAssert.java:47)
at org.testng.asserts.SoftAssert.assertAll(SoftAssert.java:31)
at assignmentWeek18.Tests.AssignmentWeek19Test.validateInformationIsPrefilled(AssignmentWeek19Test.java:62)
at java.base/jdk.internal.reflect.NativeMethodAccessorImpl.invoke0(Native Method)
at java.base/jdk.internal.reflect.NativeMethodAccessorImpl.invoke(NativeMethodAccessorImpl.java:77)
at java.base/jdk.internal.reflect.DelegatingMethodAccessorImpl.invoke(DelegatingMethodAccessorImpl.java:43)
at java.base/java.lang.reflect.Method.invoke(Method.java:568)
at org.testng.internal.MethodInvocationHelper.invokeMethod(MethodInvocationHelper.java:132)
at org.testng.internal.TestInvoker.invokeMethod(TestInvoker.java:599)
at org.testng.internal.TestInvoker.invokeTestMethod(TestInvoker.java:174)
at org.testng.internal.MethodRunner.runInSequence(MethodRunner.java:46)
at org.testng.internal.TestInvoker$MethodInvocationAgent.invoke(TestInvoker.java:822)
at org.testng.internal.TestInvoker.invokeTestMethods(TestInvoker.java:147)
at org.testng.internal.TestMethodWorker.invokeTestMethods(TestMethodWorker.java:146)
at org.testng.internal.TestMethodWorker.run(TestMethodWorker.java:128)
at java.base/java.util.ArrayList.forEach(ArrayList.java:1511)
at org.testng.TestRunner.privateRun(TestRunner.java:764)
at org.testng.TestRunner.run(TestRunner.java:585)
at org.testng.SuiteRunner.runTest(SuiteRunner.java:384)
at org.testng.SuiteRunner.runSequentially(SuiteRunner.java:378)
at org.testng.SuiteRunner.privateRun(SuiteRunner.java:337)
at org.testng.SuiteRunner.run(SuiteRunner.java:286)
at org.testng.SuiteRunnerWorker.runSuite(SuiteRunnerWorker.java:53)
at org.testng.SuiteRunnerWorker.run(SuiteRunnerWorker.java:96)
at org.testng.TestNG.runSuitesSequentially(TestNG.java:1218)
at org.testng.TestNG.runSuitesLocally(TestNG.java:1140)
at org.testng.TestNG.runSuites(TestNG.java:1069)
at org.testng.TestNG.run(TestNG.java:1037)
at org.testng.remote.AbstractRemoteTestNG.run(AbstractRemoteTestNG.java:115)
at org.testng.remote.RemoteTestNG.initAndRun(RemoteTestNG.java:251)
at org.testng.remote.RemoteTestNG.main(RemoteTestNG.java:77)
]]>
            </full-stacktrace>
          </exception> <!-- java.lang.AssertionError -->
          <reporter-output>
          </reporter-output>
        </test-method> <!-- validateInformationIsPrefilled -->
        <test-method is-config="true" signature="tearDown()[pri:0, instance:assignmentWeek18.Tests.AssignmentWeek19Test@1cbb87f3]" started-at="2023-01-12T18:10:02 EST" name="tearDown" finished-at="2023-01-12T18:10:03 EST" duration-ms="289" status="PASS">
          <reporter-output>
          </reporter-output>
        </test-method> <!-- tearDown -->
        <test-method is-config="true" signature="setUp()[pri:0, instance:assignmentWeek18.Tests.AssignmentWeek19Test@1cbb87f3]" started-at="2023-01-12T18:10:03 EST" name="setUp" finished-at="2023-01-12T18:10:07 EST" duration-ms="4289" status="PASS">
          <reporter-output>
          </reporter-output>
        </test-method> <!-- setUp -->
        <test-method signature="validateInformationIsPrefilled(java.lang.String, java.lang.String, java.lang.String, java.lang.String, java.lang.String, java.lang.String)[pri:2, instance:assignmentWeek18.Tests.AssignmentWeek19Test@1cbb87f3]" started-at="2023-01-12T18:10:07 EST" name="validateInformationIsPrefilled" data-provider="EditInformationDataprovider" finished-at="2023-01-12T18:10:11 EST" duration-ms="3660" status="FAIL">
          <params>
            <param index="0">
              <value>
                <![CDATA[harinder21@gmail.com]]>
              </value>
            </param>
            <param index="1">
              <value>
                <![CDATA[Password1]]>
              </value>
            </param>
            <param index="2">
              <value>
                <![CDATA[Harinder]]>
              </value>
            </param>
            <param index="3">
              <value>
                <![CDATA[Kaur]]>
              </value>
            </param>
            <param index="4">
              <value>
                <![CDATA[harinder21@gmail.com]]>
              </value>
            </param>
            <param index="5">
              <value>
                <![CDATA[2222333344]]>
              </value>
            </param>
          </params>
          <exception class="java.lang.AssertionError">
            <message>
              <![CDATA[The following asserts failed:
First name is not filled yet expected [Harinder] but found [null],
Last name is not filled yet expected [Kaur] but found [null],
Email is not filled yet expected [harinder21@gmail.com] but found [null],
Phone Num is not filled yet expected [2222333344] but found [null]]]>
            </message>
            <full-stacktrace>
              <![CDATA[java.lang.AssertionError: The following asserts failed:
First name is not filled yet expected [Harinder] but found [null],
Last name is not filled yet expected [Kaur] but found [null],
Email is not filled yet expected [harinder21@gmail.com] but found [null],
Phone Num is not filled yet expected [2222333344] but found [null]
at org.testng.asserts.SoftAssert.assertAll(SoftAssert.java:47)
at org.testng.asserts.SoftAssert.assertAll(SoftAssert.java:31)
at assignmentWeek18.Tests.AssignmentWeek19Test.validateInformationIsPrefilled(AssignmentWeek19Test.java:62)
at java.base/jdk.internal.reflect.NativeMethodAccessorImpl.invoke0(Native Method)
at java.base/jdk.internal.reflect.NativeMethodAccessorImpl.invoke(NativeMethodAccessorImpl.java:77)
at java.base/jdk.internal.reflect.DelegatingMethodAccessorImpl.invoke(DelegatingMethodAccessorImpl.java:43)
at java.base/java.lang.reflect.Method.invoke(Method.java:568)
at org.testng.internal.MethodInvocationHelper.invokeMethod(MethodInvocationHelper.java:132)
at org.testng.internal.TestInvoker.invokeMethod(TestInvoker.java:599)
at org.testng.internal.TestInvoker.invokeTestMethod(TestInvoker.java:174)
at org.testng.internal.MethodRunner.runInSequence(MethodRunner.java:46)
at org.testng.internal.TestInvoker$MethodInvocationAgent.invoke(TestInvoker.java:822)
at org.testng.internal.TestInvoker.invokeTestMethods(TestInvoker.java:147)
at org.testng.internal.TestMethodWorker.invokeTestMethods(TestMethodWorker.java:146)
at org.testng.internal.TestMethodWorker.run(TestMethodWorker.java:128)
at java.base/java.util.ArrayList.forEach(ArrayList.java:1511)
at org.testng.TestRunner.privateRun(TestRunner.java:764)
at org.testng.TestRunner.run(TestRunner.java:585)
at org.testng.SuiteRunner.runTest(SuiteRunner.java:384)
at org.testng.SuiteRunner.runSequentially(SuiteRunner.java:378)
at org.testng.SuiteRunner.privateRun(SuiteRunner.java:337)
at org.testng.SuiteRunner.run(SuiteRunner.java:286)
at org.testng.SuiteRunnerWorker.runSuite(SuiteRunnerWorker.java:53)
at org.testng.SuiteRunnerWorker.run(SuiteRunnerWorker.java:96)
at org.testng.TestNG.runSuitesSequentially(TestNG.java:1218)
at org.testng.TestNG.runSuitesLocally(TestNG.java:1140)
at org.testng.TestNG.runSuites(TestNG.java:1069)
at org.testng.TestNG.run(TestNG.java:1037)
at org.testng.remote.AbstractRemoteTestNG.run(AbstractRemoteTestNG.java:115)
at org.testng.remote.RemoteTestNG.initAndRun(RemoteTestNG.java:251)
at org.testng.remote.RemoteTestNG.main(RemoteTestNG.java:77)
]]>
            </full-stacktrace>
          </exception> <!-- java.lang.AssertionError -->
          <reporter-output>
          </reporter-output>
        </test-method> <!-- validateInformationIsPrefilled -->
        <test-method is-config="true" signature="tearDown()[pri:0, instance:assignmentWeek18.Tests.AssignmentWeek19Test@1cbb87f3]" started-at="2023-01-12T18:10:11 EST" name="tearDown" finished-at="2023-01-12T18:10:11 EST" duration-ms="222" status="PASS">
          <reporter-output>
          </reporter-output>
        </test-method> <!-- tearDown -->
        <test-method is-config="true" signature="setUp()[pri:0, instance:assignmentWeek18.Tests.AssignmentWeek19Test@1cbb87f3]" started-at="2023-01-12T18:10:11 EST" name="setUp" finished-at="2023-01-12T18:10:16 EST" duration-ms="5497" status="PASS">
          <reporter-output>
          </reporter-output>
        </test-method> <!-- setUp -->
        <test-method signature="validateInformationIsPrefilled(java.lang.String, java.lang.String, java.lang.String, java.lang.String, java.lang.String, java.lang.String)[pri:2, instance:assignmentWeek18.Tests.AssignmentWeek19Test@1cbb87f3]" started-at="2023-01-12T18:10:16 EST" name="validateInformationIsPrefilled" data-provider="EditInformationDataprovider" finished-at="2023-01-12T18:10:20 EST" duration-ms="3552" status="FAIL">
          <params>
            <param index="0">
              <value>
                <![CDATA[Navjot.rehal12@gmail.com]]>
              </value>
            </param>
            <param index="1">
              <value>
                <![CDATA[Navjot13]]>
              </value>
            </param>
            <param index="2">
              <value>
                <![CDATA[Navjot]]>
              </value>
            </param>
            <param index="3">
              <value>
                <![CDATA[Singh]]>
              </value>
            </param>
            <param index="4">
              <value>
                <![CDATA[Navjot.rehal12@gmail.com]]>
              </value>
            </param>
            <param index="5">
              <value>
                <![CDATA[3333444455]]>
              </value>
            </param>
          </params>
          <exception class="java.lang.AssertionError">
            <message>
              <![CDATA[The following asserts failed:
First name is not filled yet expected [Navjot] but found [null],
Last name is not filled yet expected [Singh] but found [null],
Email is not filled yet expected [Navjot.rehal12@gmail.com] but found [null],
Phone Num is not filled yet expected [3333444455] but found [null]]]>
            </message>
            <full-stacktrace>
              <![CDATA[java.lang.AssertionError: The following asserts failed:
First name is not filled yet expected [Navjot] but found [null],
Last name is not filled yet expected [Singh] but found [null],
Email is not filled yet expected [Navjot.rehal12@gmail.com] but found [null],
Phone Num is not filled yet expected [3333444455] but found [null]
at org.testng.asserts.SoftAssert.assertAll(SoftAssert.java:47)
at org.testng.asserts.SoftAssert.assertAll(SoftAssert.java:31)
at assignmentWeek18.Tests.AssignmentWeek19Test.validateInformationIsPrefilled(AssignmentWeek19Test.java:62)
at java.base/jdk.internal.reflect.NativeMethodAccessorImpl.invoke0(Native Method)
at java.base/jdk.internal.reflect.NativeMethodAccessorImpl.invoke(NativeMethodAccessorImpl.java:77)
at java.base/jdk.internal.reflect.DelegatingMethodAccessorImpl.invoke(DelegatingMethodAccessorImpl.java:43)
at java.base/java.lang.reflect.Method.invoke(Method.java:568)
at org.testng.internal.MethodInvocationHelper.invokeMethod(MethodInvocationHelper.java:132)
at org.testng.internal.TestInvoker.invokeMethod(TestInvoker.java:599)
at org.testng.internal.TestInvoker.invokeTestMethod(TestInvoker.java:174)
at org.testng.internal.MethodRunner.runInSequence(MethodRunner.java:46)
at org.testng.internal.TestInvoker$MethodInvocationAgent.invoke(TestInvoker.java:822)
at org.testng.internal.TestInvoker.invokeTestMethods(TestInvoker.java:147)
at org.testng.internal.TestMethodWorker.invokeTestMethods(TestMethodWorker.java:146)
at org.testng.internal.TestMethodWorker.run(TestMethodWorker.java:128)
at java.base/java.util.ArrayList.forEach(ArrayList.java:1511)
at org.testng.TestRunner.privateRun(TestRunner.java:764)
at org.testng.TestRunner.run(TestRunner.java:585)
at org.testng.SuiteRunner.runTest(SuiteRunner.java:384)
at org.testng.SuiteRunner.runSequentially(SuiteRunner.java:378)
at org.testng.SuiteRunner.privateRun(SuiteRunner.java:337)
at org.testng.SuiteRunner.run(SuiteRunner.java:286)
at org.testng.SuiteRunnerWorker.runSuite(SuiteRunnerWorker.java:53)
at org.testng.SuiteRunnerWorker.run(SuiteRunnerWorker.java:96)
at org.testng.TestNG.runSuitesSequentially(TestNG.java:1218)
at org.testng.TestNG.runSuitesLocally(TestNG.java:1140)
at org.testng.TestNG.runSuites(TestNG.java:1069)
at org.testng.TestNG.run(TestNG.java:1037)
at org.testng.remote.AbstractRemoteTestNG.run(AbstractRemoteTestNG.java:115)
at org.testng.remote.RemoteTestNG.initAndRun(RemoteTestNG.java:251)
at org.testng.remote.RemoteTestNG.main(RemoteTestNG.java:77)
]]>
            </full-stacktrace>
          </exception> <!-- java.lang.AssertionError -->
          <reporter-output>
          </reporter-output>
        </test-method> <!-- validateInformationIsPrefilled -->
        <test-method is-config="true" signature="tearDown()[pri:0, instance:assignmentWeek18.Tests.AssignmentWeek19Test@1cbb87f3]" started-at="2023-01-12T18:10:20 EST" name="tearDown" finished-at="2023-01-12T18:10:20 EST" duration-ms="212" status="PASS">
          <reporter-output>
          </reporter-output>
        </test-method> <!-- tearDown -->
        <test-method is-config="true" signature="setUp()[pri:0, instance:assignmentWeek18.Tests.AssignmentWeek19Test@1cbb87f3]" started-at="2023-01-12T18:10:20 EST" name="setUp" finished-at="2023-01-12T18:10:25 EST" duration-ms="5067" status="PASS">
          <reporter-output>
          </reporter-output>
        </test-method> <!-- setUp -->
        <test-method signature="validateInformationIsPrefilled(java.lang.String, java.lang.String, java.lang.String, java.lang.String, java.lang.String, java.lang.String)[pri:2, instance:assignmentWeek18.Tests.AssignmentWeek19Test@1cbb87f3]" started-at="2023-01-12T18:10:25 EST" name="validateInformationIsPrefilled" data-provider="EditInformationDataprovider" finished-at="2023-01-12T18:10:29 EST" duration-ms="3285" status="FAIL">
          <params>
            <param index="0">
              <value>
                <![CDATA[sg1@gmail.com]]>
              </value>
            </param>
            <param index="1">
              <value>
                <![CDATA[Admin@123]]>
              </value>
            </param>
            <param index="2">
              <value>
                <![CDATA[Sahib]]>
              </value>
            </param>
            <param index="3">
              <value>
                <![CDATA[Singh]]>
              </value>
            </param>
            <param index="4">
              <value>
                <![CDATA[sg1@gmail.com]]>
              </value>
            </param>
            <param index="5">
              <value>
                <![CDATA[4444555566]]>
              </value>
            </param>
          </params>
          <exception class="java.lang.AssertionError">
            <message>
              <![CDATA[The following asserts failed:
First name is not filled yet expected [Sahib] but found [null],
Last name is not filled yet expected [Singh] but found [null],
Email is not filled yet expected [sg1@gmail.com] but found [null],
Phone Num is not filled yet expected [4444555566] but found [null]]]>
            </message>
            <full-stacktrace>
              <![CDATA[java.lang.AssertionError: The following asserts failed:
First name is not filled yet expected [Sahib] but found [null],
Last name is not filled yet expected [Singh] but found [null],
Email is not filled yet expected [sg1@gmail.com] but found [null],
Phone Num is not filled yet expected [4444555566] but found [null]
at org.testng.asserts.SoftAssert.assertAll(SoftAssert.java:47)
at org.testng.asserts.SoftAssert.assertAll(SoftAssert.java:31)
at assignmentWeek18.Tests.AssignmentWeek19Test.validateInformationIsPrefilled(AssignmentWeek19Test.java:62)
at java.base/jdk.internal.reflect.NativeMethodAccessorImpl.invoke0(Native Method)
at java.base/jdk.internal.reflect.NativeMethodAccessorImpl.invoke(NativeMethodAccessorImpl.java:77)
at java.base/jdk.internal.reflect.DelegatingMethodAccessorImpl.invoke(DelegatingMethodAccessorImpl.java:43)
at java.base/java.lang.reflect.Method.invoke(Method.java:568)
at org.testng.internal.MethodInvocationHelper.invokeMethod(MethodInvocationHelper.java:132)
at org.testng.internal.TestInvoker.invokeMethod(TestInvoker.java:599)
at org.testng.internal.TestInvoker.invokeTestMethod(TestInvoker.java:174)
at org.testng.internal.MethodRunner.runInSequence(MethodRunner.java:46)
at org.testng.internal.TestInvoker$MethodInvocationAgent.invoke(TestInvoker.java:822)
at org.testng.internal.TestInvoker.invokeTestMethods(TestInvoker.java:147)
at org.testng.internal.TestMethodWorker.invokeTestMethods(TestMethodWorker.java:146)
at org.testng.internal.TestMethodWorker.run(TestMethodWorker.java:128)
at java.base/java.util.ArrayList.forEach(ArrayList.java:1511)
at org.testng.TestRunner.privateRun(TestRunner.java:764)
at org.testng.TestRunner.run(TestRunner.java:585)
at org.testng.SuiteRunner.runTest(SuiteRunner.java:384)
at org.testng.SuiteRunner.runSequentially(SuiteRunner.java:378)
at org.testng.SuiteRunner.privateRun(SuiteRunner.java:337)
at org.testng.SuiteRunner.run(SuiteRunner.java:286)
at org.testng.SuiteRunnerWorker.runSuite(SuiteRunnerWorker.java:53)
at org.testng.SuiteRunnerWorker.run(SuiteRunnerWorker.java:96)
at org.testng.TestNG.runSuitesSequentially(TestNG.java:1218)
at org.testng.TestNG.runSuitesLocally(TestNG.java:1140)
at org.testng.TestNG.runSuites(TestNG.java:1069)
at org.testng.TestNG.run(TestNG.java:1037)
at org.testng.remote.AbstractRemoteTestNG.run(AbstractRemoteTestNG.java:115)
at org.testng.remote.RemoteTestNG.initAndRun(RemoteTestNG.java:251)
at org.testng.remote.RemoteTestNG.main(RemoteTestNG.java:77)
]]>
            </full-stacktrace>
          </exception> <!-- java.lang.AssertionError -->
          <reporter-output>
          </reporter-output>
        </test-method> <!-- validateInformationIsPrefilled -->
        <test-method is-config="true" signature="tearDown()[pri:0, instance:assignmentWeek18.Tests.AssignmentWeek19Test@1cbb87f3]" started-at="2023-01-12T18:10:29 EST" name="tearDown" finished-at="2023-01-12T18:10:29 EST" duration-ms="217" status="PASS">
          <reporter-output>
          </reporter-output>
        </test-method> <!-- tearDown -->
        <test-method is-config="true" signature="setUp()[pri:0, instance:assignmentWeek18.Tests.AssignmentWeek19Test@1cbb87f3]" started-at="2023-01-12T18:10:29 EST" name="setUp" finished-at="2023-01-12T18:10:34 EST" duration-ms="4951" status="PASS">
          <reporter-output>
          </reporter-output>
        </test-method> <!-- setUp -->
        <test-method signature="validateInformationIsPrefilled(java.lang.String, java.lang.String, java.lang.String, java.lang.String, java.lang.String, java.lang.String)[pri:2, instance:assignmentWeek18.Tests.AssignmentWeek19Test@1cbb87f3]" started-at="2023-01-12T18:10:34 EST" name="validateInformationIsPrefilled" data-provider="EditInformationDataprovider" finished-at="2023-01-12T18:10:37 EST" duration-ms="3559" status="FAIL">
          <params>
            <param index="0">
              <value>
                <![CDATA[neethu123@gmail.com]]>
              </value>
            </param>
            <param index="1">
              <value>
                <![CDATA[password@01]]>
              </value>
            </param>
            <param index="2">
              <value>
                <![CDATA[Neethu]]>
              </value>
            </param>
            <param index="3">
              <value>
                <![CDATA[Uni]]>
              </value>
            </param>
            <param index="4">
              <value>
                <![CDATA[neethu123@gmail.com]]>
              </value>
            </param>
            <param index="5">
              <value>
                <![CDATA[5555666677]]>
              </value>
            </param>
          </params>
          <exception class="java.lang.AssertionError">
            <message>
              <![CDATA[The following asserts failed:
First name is not filled yet expected [Neethu] but found [null],
Last name is not filled yet expected [Uni] but found [null],
Email is not filled yet expected [neethu123@gmail.com] but found [null],
Phone Num is not filled yet expected [5555666677] but found [null]]]>
            </message>
            <full-stacktrace>
              <![CDATA[java.lang.AssertionError: The following asserts failed:
First name is not filled yet expected [Neethu] but found [null],
Last name is not filled yet expected [Uni] but found [null],
Email is not filled yet expected [neethu123@gmail.com] but found [null],
Phone Num is not filled yet expected [5555666677] but found [null]
at org.testng.asserts.SoftAssert.assertAll(SoftAssert.java:47)
at org.testng.asserts.SoftAssert.assertAll(SoftAssert.java:31)
at assignmentWeek18.Tests.AssignmentWeek19Test.validateInformationIsPrefilled(AssignmentWeek19Test.java:62)
at java.base/jdk.internal.reflect.NativeMethodAccessorImpl.invoke0(Native Method)
at java.base/jdk.internal.reflect.NativeMethodAccessorImpl.invoke(NativeMethodAccessorImpl.java:77)
at java.base/jdk.internal.reflect.DelegatingMethodAccessorImpl.invoke(DelegatingMethodAccessorImpl.java:43)
at java.base/java.lang.reflect.Method.invoke(Method.java:568)
at org.testng.internal.MethodInvocationHelper.invokeMethod(MethodInvocationHelper.java:132)
at org.testng.internal.TestInvoker.invokeMethod(TestInvoker.java:599)
at org.testng.internal.TestInvoker.invokeTestMethod(TestInvoker.java:174)
at org.testng.internal.MethodRunner.runInSequence(MethodRunner.java:46)
at org.testng.internal.TestInvoker$MethodInvocationAgent.invoke(TestInvoker.java:822)
at org.testng.internal.TestInvoker.invokeTestMethods(TestInvoker.java:147)
at org.testng.internal.TestMethodWorker.invokeTestMethods(TestMethodWorker.java:146)
at org.testng.internal.TestMethodWorker.run(TestMethodWorker.java:128)
at java.base/java.util.ArrayList.forEach(ArrayList.java:1511)
at org.testng.TestRunner.privateRun(TestRunner.java:764)
at org.testng.TestRunner.run(TestRunner.java:585)
at org.testng.SuiteRunner.runTest(SuiteRunner.java:384)
at org.testng.SuiteRunner.runSequentially(SuiteRunner.java:378)
at org.testng.SuiteRunner.privateRun(SuiteRunner.java:337)
at org.testng.SuiteRunner.run(SuiteRunner.java:286)
at org.testng.SuiteRunnerWorker.runSuite(SuiteRunnerWorker.java:53)
at org.testng.SuiteRunnerWorker.run(SuiteRunnerWorker.java:96)
at org.testng.TestNG.runSuitesSequentially(TestNG.java:1218)
at org.testng.TestNG.runSuitesLocally(TestNG.java:1140)
at org.testng.TestNG.runSuites(TestNG.java:1069)
at org.testng.TestNG.run(TestNG.java:1037)
at org.testng.remote.AbstractRemoteTestNG.run(AbstractRemoteTestNG.java:115)
at org.testng.remote.RemoteTestNG.initAndRun(RemoteTestNG.java:251)
at org.testng.remote.RemoteTestNG.main(RemoteTestNG.java:77)
]]>
            </full-stacktrace>
          </exception> <!-- java.lang.AssertionError -->
          <reporter-output>
          </reporter-output>
        </test-method> <!-- validateInformationIsPrefilled -->
        <test-method is-config="true" signature="tearDown()[pri:0, instance:assignmentWeek18.Tests.AssignmentWeek19Test@1cbb87f3]" started-at="2023-01-12T18:10:37 EST" name="tearDown" finished-at="2023-01-12T18:10:38 EST" duration-ms="215" status="PASS">
          <reporter-output>
          </reporter-output>
        </test-method> <!-- tearDown -->
      </class> <!-- assignmentWeek18.Tests.AssignmentWeek19Test -->
    </test> <!-- Default test -->
  </suite> <!-- Default suite -->
</testng-results>
